<?xml version="1.0" encoding="UTF-8"?>
<testng-results skipped="0" failed="0" total="1" passed="1">
  <reporter-output>
  </reporter-output>
  <suite name="Default suite" duration-ms="21684" started-at="2019-08-02T05:55:46Z" finished-at="2019-08-02T05:56:08Z">
    <groups>
    </groups>
    <test name="Default test" duration-ms="21684" started-at="2019-08-02T05:55:46Z" finished-at="2019-08-02T05:56:08Z">
      <class name="demo.FileUpload">
        <test-method status="PASS" signature="file()[pri:0, instance:demo.FileUpload@cb5822]" name="file" is-config="true" duration-ms="17948" started-at="2019-08-02T11:25:46Z" finished-at="2019-08-02T11:26:04Z">
          <reporter-output>
          </reporter-output>
        </test-method> <!-- file -->
        <test-method status="PASS" signature="upload()[pri:0, instance:demo.FileUpload@cb5822]" name="upload" duration-ms="3577" started-at="2019-08-02T11:26:04Z" finished-at="2019-08-02T11:26:08Z">
          <reporter-output>
          </reporter-output>
        </test-method> <!-- upload -->
      </class> <!-- demo.FileUpload -->
    </test> <!-- Default test -->
  </suite> <!-- Default suite -->
</testng-results>
